# JRE version: OpenJDK Runtime Environment (11.0.11+9) (build 11.0.11+9-b60-7590822)
# Java VM: OpenJDK 64-Bit Server VM (11.0.11+9-b60-7590822, mixed mode, tiered, compressed oops, g1 gc, windows-amd64)
Heap:
 garbage-first heap   total 260096K, used 100688K [0x0000000702600000, 0x0000000800000000)
  region size 1024K, 81 young (82944K), 3 survivors (3072K)
 Metaspace       used 45765K, capacity 46161K, committed 46256K, reserved 1089536K
  class space    used 5354K, capacity 5532K, committed 5552K, reserved 1048576K
GC Heap History (10 events):
Event: 0.487 GC heap before
{Heap before GC invocations=0 (full 0):
 garbage-first heap   total 260096K, used 27648K [0x0000000702600000, 0x0000000800000000)
  region size 1024K, 24 young (24576K), 0 survivors (0K)
 Metaspace       used 12475K, capacity 12590K, committed 12800K, reserved 1060864K
  class space    used 1167K, capacity 1216K, committed 1280K, reserved 1048576K
}
Event: 0.489 GC heap after
{Heap after GC invocations=1 (full 0):
 garbage-first heap   total 260096K, used 5820K [0x0000000702600000, 0x0000000800000000)
  region size 1024K, 3 young (3072K), 3 survivors (3072K)
 Metaspace       used 12475K, capacity 12590K, committed 12800K, reserved 1060864K
  class space    used 1167K, capacity 1216K, committed 1280K, reserved 1048576K
}
Event: 1.144 GC heap before
{Heap before GC invocations=1 (full 0):
 garbage-first heap   total 260096K, used 42684K [0x0000000702600000, 0x0000000800000000)
  region size 1024K, 40 young (40960K), 3 survivors (3072K)
 Metaspace       used 21050K, capacity 21239K, committed 21296K, reserved 1069056K
  class space    used 2229K, capacity 2314K, committed 2352K, reserved 1048576K
}
Event: 1.155 GC heap after
{Heap after GC invocations=2 (full 0):
 garbage-first heap   total 260096K, used 9364K [0x0000000702600000, 0x0000000800000000)
  region size 1024K, 7 young (7168K), 7 survivors (7168K)
 Metaspace       used 21050K, capacity 21239K, committed 21296K, reserved 1069056K
  class space    used 2229K, capacity 2314K, committed 2352K, reserved 1048576K
}
Event: 1.993 GC heap before
{Heap before GC invocations=3 (full 0):
 garbage-first heap   total 260096K, used 66708K [0x0000000702600000, 0x0000000800000000)
  region size 1024K, 57 young (58368K), 7 survivors (7168K)
 Metaspace       used 31038K, capacity 31376K, committed 31536K, reserved 1077248K
  class space    used 3467K, capacity 3613K, committed 3632K, reserved 1048576K
}
Event: 2.006 GC heap after
{Heap after GC invocations=4 (full 0):
 garbage-first heap   total 260096K, used 17976K [0x0000000702600000, 0x0000000800000000)
  region size 1024K, 8 young (8192K), 8 survivors (8192K)
 Metaspace       used 31038K, capacity 31376K, committed 31536K, reserved 1077248K
  class space    used 3467K, capacity 3613K, committed 3632K, reserved 1048576K
}
Event: 2.181 GC heap before
{Heap before GC invocations=4 (full 0):
 garbage-first heap   total 260096K, used 31288K [0x0000000702600000, 0x0000000800000000)
  region size 1024K, 21 young (21504K), 8 survivors (8192K)
 Metaspace       used 33725K, capacity 34102K, committed 34224K, reserved 1079296K
  class space    used 3825K, capacity 3966K, committed 4016K, reserved 1048576K
}
Event: 2.190 GC heap after
{Heap after GC invocations=5 (full 0):
 garbage-first heap   total 260096K, used 20187K [0x0000000702600000, 0x0000000800000000)
  region size 1024K, 2 young (2048K), 2 survivors (2048K)
 Metaspace       used 33725K, capacity 34102K, committed 34224K, reserved 1079296K
  class space    used 3825K, capacity 3966K, committed 4016K, reserved 1048576K
}
Event: 2.314 GC heap before
{Heap before GC invocations=5 (full 0):
 garbage-first heap   total 260096K, used 28379K [0x0000000702600000, 0x0000000800000000)
  region size 1024K, 11 young (11264K), 2 survivors (2048K)
 Metaspace       used 35560K, capacity 35868K, committed 35888K, reserved 1081344K
  class space    used 4239K, capacity 4384K, committed 4400K, reserved 1048576K
}
Event: 2.318 GC heap after
{Heap after GC invocations=6 (full 0):
 garbage-first heap   total 260096K, used 20816K [0x0000000702600000, 0x0000000800000000)
  region size 1024K, 3 young (3072K), 3 survivors (3072K)
 Metaspace       used 35560K, capacity 35868K, committed 35888K, reserved 1081344K
  class space    used 4239K, capacity 4384K, committed 4400K, reserved 1048576K
}

