# JRE version: OpenJDK Runtime Environment (11.0.11+9) (build 11.0.11+9-b60-7590822)
# Java VM: OpenJDK 64-Bit Server VM (11.0.11+9-b60-7590822, mixed mode, tiered, compressed oops, g1 gc, windows-amd64)
Heap:
 garbage-first heap   total 312320K, used 32979K [0x0000000702600000, 0x0000000800000000)
  region size 1024K, 14 young (14336K), 14 survivors (14336K)
 Metaspace       used 52860K, capacity 53378K, committed 53500K, reserved 1095680K
  class space    used 6333K, capacity 6547K, committed 6652K, reserved 1048576K
GC Heap History (11 events):
Event: 0.472 GC heap before
{Heap before GC invocations=0 (full 0):
 garbage-first heap   total 260096K, used 27648K [0x0000000702600000, 0x0000000800000000)
  region size 1024K, 24 young (24576K), 0 survivors (0K)
 Metaspace       used 12476K, capacity 12590K, committed 12800K, reserved 1060864K
  class space    used 1167K, capacity 1216K, committed 1280K, reserved 1048576K
}
Event: 0.475 GC heap after
{Heap after GC invocations=1 (full 0):
 garbage-first heap   total 260096K, used 5798K [0x0000000702600000, 0x0000000800000000)
  region size 1024K, 3 young (3072K), 3 survivors (3072K)
 Metaspace       used 12476K, capacity 12590K, committed 12800K, reserved 1060864K
  class space    used 1167K, capacity 1216K, committed 1280K, reserved 1048576K
}
Event: 0.945 GC heap before
{Heap before GC invocations=1 (full 0):
 garbage-first heap   total 260096K, used 42662K [0x0000000702600000, 0x0000000800000000)
  region size 1024K, 40 young (40960K), 3 survivors (3072K)
 Metaspace       used 21056K, capacity 21242K, committed 21296K, reserved 1069056K
  class space    used 2235K, capacity 2315K, committed 2352K, reserved 1048576K
}
Event: 0.953 GC heap after
{Heap after GC invocations=2 (full 0):
 garbage-first heap   total 260096K, used 9416K [0x0000000702600000, 0x0000000800000000)
  region size 1024K, 7 young (7168K), 7 survivors (7168K)
 Metaspace       used 21056K, capacity 21242K, committed 21296K, reserved 1069056K
  class space    used 2235K, capacity 2315K, committed 2352K, reserved 1048576K
}
Event: 1.645 GC heap before
{Heap before GC invocations=3 (full 0):
 garbage-first heap   total 260096K, used 66760K [0x0000000702600000, 0x0000000800000000)
  region size 1024K, 57 young (58368K), 7 survivors (7168K)
 Metaspace       used 31027K, capacity 31376K, committed 31612K, reserved 1077248K
  class space    used 3468K, capacity 3613K, committed 3708K, reserved 1048576K
}
Event: 1.658 GC heap after
{Heap after GC invocations=4 (full 0):
 garbage-first heap   total 260096K, used 18005K [0x0000000702600000, 0x0000000800000000)
  region size 1024K, 8 young (8192K), 8 survivors (8192K)
 Metaspace       used 31027K, capacity 31376K, committed 31612K, reserved 1077248K
  class space    used 3468K, capacity 3613K, committed 3708K, reserved 1048576K
}
Event: 1.874 GC heap before
{Heap before GC invocations=4 (full 0):
 garbage-first heap   total 260096K, used 34389K [0x0000000702600000, 0x0000000800000000)
  region size 1024K, 24 young (24576K), 8 survivors (8192K)
 Metaspace       used 34592K, capacity 34870K, committed 35068K, reserved 1079296K
  class space    used 4081K, capacity 4222K, committed 4348K, reserved 1048576K
}
Event: 1.882 GC heap after
{Heap after GC invocations=5 (full 0):
 garbage-first heap   total 260096K, used 20486K [0x0000000702600000, 0x0000000800000000)
  region size 1024K, 3 young (3072K), 3 survivors (3072K)
 Metaspace       used 34592K, capacity 34870K, committed 35068K, reserved 1079296K
  class space    used 4081K, capacity 4222K, committed 4348K, reserved 1048576K
}
Event: 1.947 GC heap before
{Heap before GC invocations=5 (full 0):
 garbage-first heap   total 260096K, used 24582K [0x0000000702600000, 0x0000000800000000)
  region size 1024K, 8 young (8192K), 3 survivors (3072K)
 Metaspace       used 35533K, capacity 35836K, committed 35964K, reserved 1081344K
  class space    used 4230K, capacity 4352K, committed 4476K, reserved 1048576K
}
Event: 1.951 GC heap after
{Heap after GC invocations=6 (full 0):
 garbage-first heap   total 260096K, used 20537K [0x0000000702600000, 0x0000000800000000)
  region size 1024K, 3 young (3072K), 3 survivors (3072K)
 Metaspace       used 35533K, capacity 35836K, committed 35964K, reserved 1081344K
  class space    used 4230K, capacity 4352K, committed 4476K, reserved 1048576K
}
Event: 5.175 GC heap before
{Heap before GC invocations=7 (full 0):
 garbage-first heap   total 260096K, used 133177K [0x0000000702600000, 0x0000000800000000)
  region size 1024K, 112 young (114688K), 3 survivors (3072K)
 Metaspace       used 52860K, capacity 53378K, committed 53500K, reserved 1095680K
  class space    used 6333K, capacity 6547K, committed 6652K, reserved 1048576K
}

